<?xml version="1.0" encoding="UTF-8"?>
<testng-results ignored="0" total="8" passed="7" failed="1" skipped="0">
  <reporter-output>
  </reporter-output>
  <suite started-at="2024-05-07T12:49:37 IST" name="Suite" finished-at="2024-05-07T12:50:18 IST" duration-ms="40983">
    <groups>
    </groups>
    <test started-at="2024-05-07T12:49:37 IST" name="Test" finished-at="2024-05-07T12:50:18 IST" duration-ms="40983">
      <class name="com.DemoBlaze.qa.testcases.HomePageTest">
        <test-method is-config="true" signature="setUp()[pri:0, instance:com.DemoBlaze.qa.testcases.HomePageTest@69e153c5]" started-at="2024-05-07T12:49:37 IST" name="setUp" finished-at="2024-05-07T12:49:46 IST" duration-ms="9490" status="PASS">
          <reporter-output>
          </reporter-output>
        </test-method> <!-- setUp -->
        <test-method signature="homePageTitleTest()[pri:1, instance:com.DemoBlaze.qa.testcases.HomePageTest@69e153c5]" started-at="2024-05-07T12:49:46 IST" name="homePageTitleTest" finished-at="2024-05-07T12:49:46 IST" duration-ms="17" status="PASS">
          <reporter-output>
          </reporter-output>
        </test-method> <!-- homePageTitleTest -->
        <test-method is-config="true" signature="tearDown()[pri:0, instance:com.DemoBlaze.qa.testcases.HomePageTest@69e153c5]" started-at="2024-05-07T12:49:46 IST" name="tearDown" finished-at="2024-05-07T12:49:47 IST" duration-ms="599" status="PASS">
          <reporter-output>
          </reporter-output>
        </test-method> <!-- tearDown -->
        <test-method is-config="true" signature="setUp()[pri:0, instance:com.DemoBlaze.qa.testcases.HomePageTest@69e153c5]" started-at="2024-05-07T12:49:47 IST" name="setUp" finished-at="2024-05-07T12:49:50 IST" duration-ms="2816" status="PASS">
          <reporter-output>
          </reporter-output>
        </test-method> <!-- setUp -->
        <test-method signature="userNameLogoTest()[pri:2, instance:com.DemoBlaze.qa.testcases.HomePageTest@69e153c5]" started-at="2024-05-07T12:49:50 IST" name="userNameLogoTest" finished-at="2024-05-07T12:49:52 IST" duration-ms="2070" status="PASS">
          <reporter-output>
          </reporter-output>
        </test-method> <!-- userNameLogoTest -->
        <test-method is-config="true" signature="tearDown()[pri:0, instance:com.DemoBlaze.qa.testcases.HomePageTest@69e153c5]" started-at="2024-05-07T12:49:52 IST" name="tearDown" finished-at="2024-05-07T12:49:52 IST" duration-ms="461" status="PASS">
          <reporter-output>
          </reporter-output>
        </test-method> <!-- tearDown -->
        <test-method is-config="true" signature="setUp()[pri:0, instance:com.DemoBlaze.qa.testcases.HomePageTest@69e153c5]" started-at="2024-05-07T12:49:52 IST" name="setUp" finished-at="2024-05-07T12:49:56 IST" duration-ms="3364" status="PASS">
          <reporter-output>
          </reporter-output>
        </test-method> <!-- setUp -->
        <test-method signature="aboutUsTest()[pri:3, instance:com.DemoBlaze.qa.testcases.HomePageTest@69e153c5]" started-at="2024-05-07T12:49:56 IST" name="aboutUsTest" finished-at="2024-05-07T12:49:56 IST" duration-ms="31" status="PASS">
          <reporter-output>
          </reporter-output>
        </test-method> <!-- aboutUsTest -->
        <test-method is-config="true" signature="tearDown()[pri:0, instance:com.DemoBlaze.qa.testcases.HomePageTest@69e153c5]" started-at="2024-05-07T12:49:56 IST" name="tearDown" finished-at="2024-05-07T12:49:56 IST" duration-ms="458" status="PASS">
          <reporter-output>
          </reporter-output>
        </test-method> <!-- tearDown -->
        <test-method is-config="true" signature="setUp()[pri:0, instance:com.DemoBlaze.qa.testcases.HomePageTest@69e153c5]" started-at="2024-05-07T12:49:56 IST" name="setUp" finished-at="2024-05-07T12:49:59 IST" duration-ms="3059" status="PASS">
          <reporter-output>
          </reporter-output>
        </test-method> <!-- setUp -->
        <test-method signature="aboutUsParaTest()[pri:4, instance:com.DemoBlaze.qa.testcases.HomePageTest@69e153c5]" started-at="2024-05-07T12:49:59 IST" name="aboutUsParaTest" finished-at="2024-05-07T12:49:59 IST" duration-ms="38" status="PASS">
          <reporter-output>
          </reporter-output>
        </test-method> <!-- aboutUsParaTest -->
        <test-method is-config="true" signature="tearDown()[pri:0, instance:com.DemoBlaze.qa.testcases.HomePageTest@69e153c5]" started-at="2024-05-07T12:49:59 IST" name="tearDown" finished-at="2024-05-07T12:50:00 IST" duration-ms="431" status="PASS">
          <reporter-output>
          </reporter-output>
        </test-method> <!-- tearDown -->
        <test-method is-config="true" signature="setUp()[pri:0, instance:com.DemoBlaze.qa.testcases.HomePageTest@69e153c5]" started-at="2024-05-07T12:50:00 IST" name="setUp" finished-at="2024-05-07T12:50:03 IST" duration-ms="3009" status="PASS">
          <reporter-output>
          </reporter-output>
        </test-method> <!-- setUp -->
        <test-method signature="aboutUsLinkTest()[pri:5, instance:com.DemoBlaze.qa.testcases.HomePageTest@69e153c5]" started-at="2024-05-07T12:50:03 IST" name="aboutUsLinkTest" finished-at="2024-05-07T12:50:07 IST" duration-ms="4167" status="FAIL">
          <exception class="java.lang.ClassCastException">
            <message>
              <![CDATA[class jdk.proxy2.$Proxy12 cannot be cast to class java.util.List (jdk.proxy2.$Proxy12 is in module jdk.proxy2 of loader 'app'; java.util.List is in module java.base of loader 'bootstrap')]]>
            </message>
            <full-stacktrace>
              <![CDATA[java.lang.ClassCastException: class jdk.proxy2.$Proxy12 cannot be cast to class java.util.List (jdk.proxy2.$Proxy12 is in module jdk.proxy2 of loader 'app'; java.util.List is in module java.base of loader 'bootstrap')
at com.DemoBlaze.qa.pages.HomePage.aboutUsLink(HomePage.java:56)
at com.DemoBlaze.qa.testcases.HomePageTest.aboutUsLinkTest(HomePageTest.java:56)
at java.base/jdk.internal.reflect.NativeMethodAccessorImpl.invoke0(Native Method)
at java.base/jdk.internal.reflect.NativeMethodAccessorImpl.invoke(NativeMethodAccessorImpl.java:77)
at java.base/jdk.internal.reflect.DelegatingMethodAccessorImpl.invoke(DelegatingMethodAccessorImpl.java:43)
at java.base/java.lang.reflect.Method.invoke(Method.java:568)
at org.testng.internal.invokers.MethodInvocationHelper.invokeMethod(MethodInvocationHelper.java:139)
at org.testng.internal.invokers.TestInvoker.invokeMethod(TestInvoker.java:664)
at org.testng.internal.invokers.TestInvoker.invokeTestMethod(TestInvoker.java:228)
at org.testng.internal.invokers.MethodRunner.runInSequence(MethodRunner.java:63)
at org.testng.internal.invokers.TestInvoker$MethodInvocationAgent.invoke(TestInvoker.java:961)
at org.testng.internal.invokers.TestInvoker.invokeTestMethods(TestInvoker.java:201)
at org.testng.internal.invokers.TestMethodWorker.invokeTestMethods(TestMethodWorker.java:148)
at org.testng.internal.invokers.TestMethodWorker.run(TestMethodWorker.java:128)
at java.base/java.util.ArrayList.forEach(ArrayList.java:1511)
at org.testng.TestRunner.privateRun(TestRunner.java:819)
at org.testng.TestRunner.run(TestRunner.java:619)
at org.testng.SuiteRunner.runTest(SuiteRunner.java:443)
at org.testng.SuiteRunner.runSequentially(SuiteRunner.java:437)
at org.testng.SuiteRunner.privateRun(SuiteRunner.java:397)
at org.testng.SuiteRunner.run(SuiteRunner.java:336)
at org.testng.SuiteRunnerWorker.runSuite(SuiteRunnerWorker.java:52)
at org.testng.SuiteRunnerWorker.run(SuiteRunnerWorker.java:95)
at org.testng.TestNG.runSuitesSequentially(TestNG.java:1301)
at org.testng.TestNG.runSuitesLocally(TestNG.java:1228)
at org.testng.TestNG.runSuites(TestNG.java:1134)
at org.testng.TestNG.run(TestNG.java:1101)
at org.testng.remote.AbstractRemoteTestNG.run(AbstractRemoteTestNG.java:115)
at org.testng.remote.RemoteTestNG.initAndRun(RemoteTestNG.java:251)
at org.testng.remote.RemoteTestNG.main(RemoteTestNG.java:77)
]]>
            </full-stacktrace>
          </exception> <!-- java.lang.ClassCastException -->
          <reporter-output>
          </reporter-output>
        </test-method> <!-- aboutUsLinkTest -->
        <test-method is-config="true" signature="tearDown()[pri:0, instance:com.DemoBlaze.qa.testcases.HomePageTest@69e153c5]" started-at="2024-05-07T12:50:07 IST" name="tearDown" finished-at="2024-05-07T12:50:07 IST" duration-ms="390" status="PASS">
          <reporter-output>
          </reporter-output>
        </test-method> <!-- tearDown -->
      </class> <!-- com.DemoBlaze.qa.testcases.HomePageTest -->
      <class name="com.DemoBlaze.qa.testcases.LoginPageTest">
        <test-method is-config="true" signature="setUp()[pri:0, instance:com.DemoBlaze.qa.testcases.LoginPageTest@cc43f62]" started-at="2024-05-07T12:50:07 IST" name="setUp" finished-at="2024-05-07T12:50:09 IST" duration-ms="2083" status="PASS">
          <reporter-output>
          </reporter-output>
        </test-method> <!-- setUp -->
        <test-method signature="loginPageTitleTest()[pri:1, instance:com.DemoBlaze.qa.testcases.LoginPageTest@cc43f62]" started-at="2024-05-07T12:50:09 IST" name="loginPageTitleTest" finished-at="2024-05-07T12:50:09 IST" duration-ms="11" status="PASS">
          <reporter-output>
          </reporter-output>
        </test-method> <!-- loginPageTitleTest -->
        <test-method is-config="true" signature="tearDown()[pri:0, instance:com.DemoBlaze.qa.testcases.LoginPageTest@cc43f62]" started-at="2024-05-07T12:50:09 IST" name="tearDown" finished-at="2024-05-07T12:50:10 IST" duration-ms="402" status="PASS">
          <reporter-output>
          </reporter-output>
        </test-method> <!-- tearDown -->
        <test-method is-config="true" signature="setUp()[pri:0, instance:com.DemoBlaze.qa.testcases.LoginPageTest@cc43f62]" started-at="2024-05-07T12:50:10 IST" name="setUp" finished-at="2024-05-07T12:50:12 IST" duration-ms="2170" status="PASS">
          <reporter-output>
          </reporter-output>
        </test-method> <!-- setUp -->
        <test-method signature="loginLogoTest()[pri:2, instance:com.DemoBlaze.qa.testcases.LoginPageTest@cc43f62]" started-at="2024-05-07T12:50:12 IST" name="loginLogoTest" finished-at="2024-05-07T12:50:14 IST" duration-ms="2175" status="PASS">
          <reporter-output>
          </reporter-output>
        </test-method> <!-- loginLogoTest -->
        <test-method is-config="true" signature="tearDown()[pri:0, instance:com.DemoBlaze.qa.testcases.LoginPageTest@cc43f62]" started-at="2024-05-07T12:50:14 IST" name="tearDown" finished-at="2024-05-07T12:50:15 IST" duration-ms="397" status="PASS">
          <reporter-output>
          </reporter-output>
        </test-method> <!-- tearDown -->
        <test-method is-config="true" signature="setUp()[pri:0, instance:com.DemoBlaze.qa.testcases.LoginPageTest@cc43f62]" started-at="2024-05-07T12:50:15 IST" name="setUp" finished-at="2024-05-07T12:50:17 IST" duration-ms="2456" status="PASS">
          <reporter-output>
          </reporter-output>
        </test-method> <!-- setUp -->
        <test-method signature="loginTest()[pri:3, instance:com.DemoBlaze.qa.testcases.LoginPageTest@cc43f62]" started-at="2024-05-07T12:50:17 IST" name="loginTest" finished-at="2024-05-07T12:50:18 IST" duration-ms="446" status="PASS">
          <reporter-output>
          </reporter-output>
        </test-method> <!-- loginTest -->
        <test-method is-config="true" signature="tearDown()[pri:0, instance:com.DemoBlaze.qa.testcases.LoginPageTest@cc43f62]" started-at="2024-05-07T12:50:18 IST" name="tearDown" finished-at="2024-05-07T12:50:18 IST" duration-ms="366" status="PASS">
          <reporter-output>
          </reporter-output>
        </test-method> <!-- tearDown -->
      </class> <!-- com.DemoBlaze.qa.testcases.LoginPageTest -->
    </test> <!-- Test -->
  </suite> <!-- Suite -->
</testng-results>
