<?xml version="1.0" encoding="UTF-8"?>
<!-- Generated by org.testng.reporters.JUnitXMLReporter -->
<testsuite ignored="0" hostname="DESKTOP-RNSAS36" failures="1" tests="8" name="Test" time="40.983" errors="0" timestamp="2024-05-07T12:50:18 IST">
  <testcase classname="com.DemoBlaze.qa.testcases.HomePageTest" name="homePageTitleTest" time="0.017"/>
  <testcase classname="com.DemoBlaze.qa.testcases.HomePageTest" name="userNameLogoTest" time="2.07"/>
  <testcase classname="com.DemoBlaze.qa.testcases.HomePageTest" name="aboutUsTest" time="0.031"/>
  <testcase classname="com.DemoBlaze.qa.testcases.HomePageTest" name="aboutUsParaTest" time="0.038"/>
  <testcase classname="com.DemoBlaze.qa.testcases.HomePageTest" name="aboutUsLinkTest" time="4.167">
    <failure type="java.lang.ClassCastException" message="class jdk.proxy2.$Proxy12 cannot be cast to class java.util.List (jdk.proxy2.$Proxy12 is in module jdk.proxy2 of loader &amp;apos;app&amp;apos;; java.util.List is in module java.base of loader &amp;apos;bootstrap&amp;apos;)">
      <![CDATA[java.lang.ClassCastException: class jdk.proxy2.$Proxy12 cannot be cast to class java.util.List (jdk.proxy2.$Proxy12 is in module jdk.proxy2 of loader 'app'; java.util.List is in module java.base of loader 'bootstrap')
at com.DemoBlaze.qa.pages.HomePage.aboutUsLink(HomePage.java:56)
at com.DemoBlaze.qa.testcases.HomePageTest.aboutUsLinkTest(HomePageTest.java:56)
at java.base/java.util.ArrayList.forEach(ArrayList.java:1511)
... Removed 27 stack frames]]>
    </failure>
  </testcase> <!-- aboutUsLinkTest -->
  <testcase classname="com.DemoBlaze.qa.testcases.LoginPageTest" name="loginPageTitleTest" time="0.011"/>
  <testcase classname="com.DemoBlaze.qa.testcases.LoginPageTest" name="loginLogoTest" time="2.175"/>
  <testcase classname="com.DemoBlaze.qa.testcases.LoginPageTest" name="loginTest" time="0.446"/>
</testsuite> <!-- Test -->
